cabal: Entering directory '/var/folders/0v/61dswkc15db8cvl5lz07lz4h0000gn/T/cabal-tmp-96906/bmp-1.2.6.3'
Warning: bmp.cabal:14:2: Tabs used as indentation at 14:2
Configuring bmp-1.2.6.3...
Preprocessing library for bmp-1.2.6.3..
Building library for bmp-1.2.6.3..
[ 1 of 12] Compiling Codec.BMP.CIEXYZ ( Codec/BMP/CIEXYZ.hs, dist/dist-sandbox-40279706/build/Codec/BMP/CIEXYZ.o )
[ 2 of 12] Compiling Codec.BMP.Compression ( Codec/BMP/Compression.hs, dist/dist-sandbox-40279706/build/Codec/BMP/Compression.o )
[ 3 of 12] Compiling Codec.BMP.Error  ( Codec/BMP/Error.hs, dist/dist-sandbox-40279706/build/Codec/BMP/Error.o )
[ 4 of 12] Compiling Codec.BMP.BitmapInfoV3 ( Codec/BMP/BitmapInfoV3.hs, dist/dist-sandbox-40279706/build/Codec/BMP/BitmapInfoV3.o )
[ 5 of 12] Compiling Codec.BMP.BitmapInfoV4 ( Codec/BMP/BitmapInfoV4.hs, dist/dist-sandbox-40279706/build/Codec/BMP/BitmapInfoV4.o )
[ 6 of 12] Compiling Codec.BMP.BitmapInfoV5 ( Codec/BMP/BitmapInfoV5.hs, dist/dist-sandbox-40279706/build/Codec/BMP/BitmapInfoV5.o )
[ 7 of 12] Compiling Codec.BMP.BitmapInfo ( Codec/BMP/BitmapInfo.hs, dist/dist-sandbox-40279706/build/Codec/BMP/BitmapInfo.o )
[ 8 of 12] Compiling Codec.BMP.FileHeader ( Codec/BMP/FileHeader.hs, dist/dist-sandbox-40279706/build/Codec/BMP/FileHeader.o )
[ 9 of 12] Compiling Codec.BMP.Base   ( Codec/BMP/Base.hs, dist/dist-sandbox-40279706/build/Codec/BMP/Base.o )
[10 of 12] Compiling Codec.BMP.Pack   ( Codec/BMP/Pack.hs, dist/dist-sandbox-40279706/build/Codec/BMP/Pack.o )
[11 of 12] Compiling Codec.BMP.Unpack ( Codec/BMP/Unpack.hs, dist/dist-sandbox-40279706/build/Codec/BMP/Unpack.o )
[12 of 12] Compiling Codec.BMP        ( Codec/BMP.hs, dist/dist-sandbox-40279706/build/Codec/BMP.o )
[ 1 of 12] Compiling Codec.BMP.CIEXYZ ( Codec/BMP/CIEXYZ.hs, dist/dist-sandbox-40279706/build/Codec/BMP/CIEXYZ.p_o )
[ 2 of 12] Compiling Codec.BMP.Compression ( Codec/BMP/Compression.hs, dist/dist-sandbox-40279706/build/Codec/BMP/Compression.p_o )
[ 3 of 12] Compiling Codec.BMP.Error  ( Codec/BMP/Error.hs, dist/dist-sandbox-40279706/build/Codec/BMP/Error.p_o )
[ 4 of 12] Compiling Codec.BMP.BitmapInfoV3 ( Codec/BMP/BitmapInfoV3.hs, dist/dist-sandbox-40279706/build/Codec/BMP/BitmapInfoV3.p_o )
[ 5 of 12] Compiling Codec.BMP.BitmapInfoV4 ( Codec/BMP/BitmapInfoV4.hs, dist/dist-sandbox-40279706/build/Codec/BMP/BitmapInfoV4.p_o )
[ 6 of 12] Compiling Codec.BMP.BitmapInfoV5 ( Codec/BMP/BitmapInfoV5.hs, dist/dist-sandbox-40279706/build/Codec/BMP/BitmapInfoV5.p_o )
[ 7 of 12] Compiling Codec.BMP.BitmapInfo ( Codec/BMP/BitmapInfo.hs, dist/dist-sandbox-40279706/build/Codec/BMP/BitmapInfo.p_o )
[ 8 of 12] Compiling Codec.BMP.FileHeader ( Codec/BMP/FileHeader.hs, dist/dist-sandbox-40279706/build/Codec/BMP/FileHeader.p_o )
[ 9 of 12] Compiling Codec.BMP.Base   ( Codec/BMP/Base.hs, dist/dist-sandbox-40279706/build/Codec/BMP/Base.p_o )
[10 of 12] Compiling Codec.BMP.Pack   ( Codec/BMP/Pack.hs, dist/dist-sandbox-40279706/build/Codec/BMP/Pack.p_o )
[11 of 12] Compiling Codec.BMP.Unpack ( Codec/BMP/Unpack.hs, dist/dist-sandbox-40279706/build/Codec/BMP/Unpack.p_o )
[12 of 12] Compiling Codec.BMP        ( Codec/BMP.hs, dist/dist-sandbox-40279706/build/Codec/BMP.p_o )
Preprocessing library for bmp-1.2.6.3..
Running Haddock on library for bmp-1.2.6.3..
Haddock coverage:
Warning: 'unpacking' is out of scope.
    If you qualify the identifier, haddock can try to link it
    it anyway.
 100% ( 25 / 25) in 'Codec.BMP'
Documentation created: dist/dist-sandbox-40279706/doc/html/bmp/index.html
Installing library in /Users/luerlyu/Downloads/coursework 2/schelling/.cabal-sandbox/lib/x86_64-osx-ghc-8.6.3/bmp-1.2.6.3-5I0Urr4KLkm5qE2wNumCpo
cabal: Leaving directory '/var/folders/0v/61dswkc15db8cvl5lz07lz4h0000gn/T/cabal-tmp-96906/bmp-1.2.6.3'
