cabal: Entering directory '/var/folders/0v/61dswkc15db8cvl5lz07lz4h0000gn/T/cabal-tmp-96904/gloss-rendering-1.13.0.2'
Configuring gloss-rendering-1.13.0.2...
Preprocessing library for gloss-rendering-1.13.0.2..
Building library for gloss-rendering-1.13.0.2..
[1 of 9] Compiling Graphics.Gloss.Internals.Data.Color ( Graphics/Gloss/Internals/Data/Color.hs, dist/dist-sandbox-40279706/build/Graphics/Gloss/Internals/Data/Color.o )
[2 of 9] Compiling Graphics.Gloss.Internals.Rendering.Bitmap ( Graphics/Gloss/Internals/Rendering/Bitmap.hs, dist/dist-sandbox-40279706/build/Graphics/Gloss/Internals/Rendering/Bitmap.o )
[3 of 9] Compiling Graphics.Gloss.Internals.Data.Picture ( Graphics/Gloss/Internals/Data/Picture.hs, dist/dist-sandbox-40279706/build/Graphics/Gloss/Internals/Data/Picture.o )
[4 of 9] Compiling Graphics.Gloss.Internals.Rendering.Color ( Graphics/Gloss/Internals/Rendering/Color.hs, dist/dist-sandbox-40279706/build/Graphics/Gloss/Internals/Rendering/Color.o )
[5 of 9] Compiling Graphics.Gloss.Internals.Rendering.Common ( Graphics/Gloss/Internals/Rendering/Common.hs, dist/dist-sandbox-40279706/build/Graphics/Gloss/Internals/Rendering/Common.o )
[6 of 9] Compiling Graphics.Gloss.Internals.Rendering.Circle ( Graphics/Gloss/Internals/Rendering/Circle.hs, dist/dist-sandbox-40279706/build/Graphics/Gloss/Internals/Rendering/Circle.o )
[7 of 9] Compiling Graphics.Gloss.Internals.Rendering.State ( Graphics/Gloss/Internals/Rendering/State.hs, dist/dist-sandbox-40279706/build/Graphics/Gloss/Internals/Rendering/State.o )
[8 of 9] Compiling Graphics.Gloss.Internals.Rendering.Picture ( Graphics/Gloss/Internals/Rendering/Picture.hs, dist/dist-sandbox-40279706/build/Graphics/Gloss/Internals/Rendering/Picture.o )
[9 of 9] Compiling Graphics.Gloss.Rendering ( Graphics/Gloss/Rendering.hs, dist/dist-sandbox-40279706/build/Graphics/Gloss/Rendering.o )
[1 of 9] Compiling Graphics.Gloss.Internals.Data.Color ( Graphics/Gloss/Internals/Data/Color.hs, dist/dist-sandbox-40279706/build/Graphics/Gloss/Internals/Data/Color.p_o )
[2 of 9] Compiling Graphics.Gloss.Internals.Rendering.Bitmap ( Graphics/Gloss/Internals/Rendering/Bitmap.hs, dist/dist-sandbox-40279706/build/Graphics/Gloss/Internals/Rendering/Bitmap.p_o )
[3 of 9] Compiling Graphics.Gloss.Internals.Data.Picture ( Graphics/Gloss/Internals/Data/Picture.hs, dist/dist-sandbox-40279706/build/Graphics/Gloss/Internals/Data/Picture.p_o )
[4 of 9] Compiling Graphics.Gloss.Internals.Rendering.Color ( Graphics/Gloss/Internals/Rendering/Color.hs, dist/dist-sandbox-40279706/build/Graphics/Gloss/Internals/Rendering/Color.p_o )
[5 of 9] Compiling Graphics.Gloss.Internals.Rendering.Common ( Graphics/Gloss/Internals/Rendering/Common.hs, dist/dist-sandbox-40279706/build/Graphics/Gloss/Internals/Rendering/Common.p_o )
[6 of 9] Compiling Graphics.Gloss.Internals.Rendering.Circle ( Graphics/Gloss/Internals/Rendering/Circle.hs, dist/dist-sandbox-40279706/build/Graphics/Gloss/Internals/Rendering/Circle.p_o )
[7 of 9] Compiling Graphics.Gloss.Internals.Rendering.State ( Graphics/Gloss/Internals/Rendering/State.hs, dist/dist-sandbox-40279706/build/Graphics/Gloss/Internals/Rendering/State.p_o )
[8 of 9] Compiling Graphics.Gloss.Internals.Rendering.Picture ( Graphics/Gloss/Internals/Rendering/Picture.hs, dist/dist-sandbox-40279706/build/Graphics/Gloss/Internals/Rendering/Picture.p_o )
[9 of 9] Compiling Graphics.Gloss.Rendering ( Graphics/Gloss/Rendering.hs, dist/dist-sandbox-40279706/build/Graphics/Gloss/Rendering.p_o )
Preprocessing library for gloss-rendering-1.13.0.2..
Running Haddock on library for gloss-rendering-1.13.0.2..
Haddock coverage:
Warning: 'displayPicture' is out of scope.
    If you qualify the identifier, haddock can try to link it
    it anyway.
Warning: 'renderPicture' is out of scope.
    If you qualify the identifier, haddock can try to link it
    it anyway.
Warning: 'cacheMe' is out of scope.
    If you qualify the identifier, haddock can try to link it
    it anyway.
  91% ( 32 / 35) in 'Graphics.Gloss.Rendering'
  Missing documentation for:
    Module header
    bitmapDataOfForeignPtr (Graphics/Gloss/Internals/Data/Picture.hs:147)
    bitmapDataOfByteString (Graphics/Gloss/Internals/Data/Picture.hs:165)
Documentation created:
dist/dist-sandbox-40279706/doc/html/gloss-rendering/index.html
Installing library in /Users/luerlyu/Downloads/coursework 2/schelling/.cabal-sandbox/lib/x86_64-osx-ghc-8.6.3/gloss-rendering-1.13.0.2-HT6cbm8dYzDFBdsWoCrtsZ
cabal: Leaving directory '/var/folders/0v/61dswkc15db8cvl5lz07lz4h0000gn/T/cabal-tmp-96904/gloss-rendering-1.13.0.2'
